<?xml version="1.0" encoding="UTF-8"?>
<!-- Generated by org.testng.reporters.JUnitReportReporter -->
<testsuite hostname="DESKTOP-682IL5E" failures="0" tests="1" name="HGTest.NewTest" time="0.024" errors="0" timestamp="2022-10-13T22:33:05 IST" skipped="0">
  <testcase classname="HGTest.NewTest" name="f" time="0.024"/>
  <system-out/>
</testsuite> <!-- HGTest.NewTest -->
